11/20/2022 3:17:14 PM: Student count is: 5
11/20/2022 3:17:26 PM: Name: Praboda - Maths: 63 | English: 78 | Science: 95 | IT: 6 Best-Subject: Science
11/20/2022 3:17:39 PM: Name: Laka - Maths: 78 | English: 96 | Science: 25 | IT: 65 Best-Subject: English
11/20/2022 3:17:52 PM: Name: Supun - Maths: 45 | English: 36 | Science: 96 | IT: 15 Best-Subject: Science
11/20/2022 3:18:04 PM: Name: Chamara - Maths: 45 | English: 75 | Science: 65 | IT: 95 Best-Subject: English
11/20/2022 3:18:21 PM: Name: Isuru - Maths: 45 | English: 96 | Science: 15 | IT: 65 Best-Subject: English
11/20/2022 3:18:21 PM: Praboda's total mark is: 242
11/20/2022 3:18:21 PM: Laka's total mark is: 264
11/20/2022 3:18:21 PM: Supun's total mark is: 192
11/20/2022 3:18:21 PM: Chamara's total mark is: 280
11/20/2022 3:18:21 PM: Isuru's total mark is: 221
11/20/2022 3:18:21 PM: Chamara's rank is 1
11/20/2022 3:18:21 PM: Laka's rank is 2
11/20/2022 3:18:21 PM: Praboda's rank is 3
11/20/2022 3:18:21 PM: Isuru's rank is 4
11/20/2022 3:18:21 PM: Supun's rank is 5
11/20/2022 3:18:21 PM: CSV file wrote successful!
11/20/2022 3:18:21 PM: CSV file wrote successful!
11/20/2022 3:18:21 PM: CSV file wrote successful!
11/20/2022 3:18:21 PM: CSV file wrote successful!
11/20/2022 3:18:21 PM: CSV file wrote successful!
11/20/2022 3:22:07 PM: Student count is: 2
11/20/2022 3:22:16 PM: Name: Praboda - Maths: 45 | English: 95 | Science: 75 | IT: 69 Best-Subject: English
11/20/2022 3:22:26 PM: Name: Laka - Maths: 56 | English: 988 | Science: 14 | IT: 58 Best-Subject: English
11/20/2022 3:22:26 PM: Praboda's total mark is: 284
11/20/2022 3:22:26 PM: Laka's total mark is: 1116
11/20/2022 3:22:26 PM: Laka's rank is 1
11/20/2022 3:22:26 PM: Praboda's rank is 2
11/20/2022 3:22:26 PM: CSV file wrote successful!
11/20/2022 3:22:26 PM: CSV file wrote successful!
